        0.676966        -0.47141       -0.136173
        0.411308         1.61632         1.93984
       -0.771758       -0.460965        -1.21207
        0.604442       -0.607367       -0.268879
       -0.707495         1.76879        0.940208
        -1.01126      -0.0377428         1.06254
        0.343376       -0.733055        -0.73194
       -0.777802        0.698542       -0.211208
        0.100218       -0.909503       -0.391084
       -0.357424       -0.484534        0.874557
        0.693968       -0.971236        0.246147
        -1.68339        0.945996        -1.72461
        0.578689        -1.95047         1.86716
        -1.26048       -0.844173        0.997673
       -0.968567        -2.20931        0.123872
        -1.07059       -0.116625        -2.12142
        0.221536       -0.880102       -0.217947
         1.26123        0.014879         1.19819
        -1.04374        0.488839       -0.215776
       -0.390706       0.0595963         1.16459
        -1.69441        -1.04129       -0.402728
        -2.86148      -0.0424109        0.845679
         1.53159       -0.936392       -0.735745
       -0.889865        0.644573       0.0971716
        -1.40655        0.590735       -0.767671
       -0.965843        -1.05453         1.54669
        -1.01779         1.63299        0.358351
      -0.0701782       -0.747877       -0.545174
       -0.256606       -0.944112         -1.2614
        0.268167        -1.22091        -2.23874
        -1.26479        -2.32977       -0.987132
        0.191533        0.308066       -0.678559
        0.431627      -0.0350392        0.866852
       0.0729961        0.447526       -0.497731
        0.734025         -1.6778       -0.118898
        0.832399        0.258783        -1.97919
        0.551404        0.351509         0.52793
         1.94613          0.5766      -0.0607373
        -1.44578         3.78531        0.888079
         1.32616       -0.309662       0.0392216
         2.44478       -0.497615        -2.03412
         1.08815      -0.0833811        -1.36046
        0.269333         2.19131        -2.28021
        0.195108        0.389371        0.652678
       -0.593965       -0.283289         -1.1062
        0.338649       0.0933503        -0.95413
      -0.0670717         1.94232       -0.652623
        0.767699        -2.40447        0.666542
        -1.44193        0.291593       0.0279525
        0.153409       -0.914728         1.01567
       -0.327746         1.54235        0.147377
       -0.507474        0.458507        0.319815
       -0.623786        0.967255       -0.266532
       -0.177157         0.02953        0.394825
       -0.060321       -0.795858        -1.15279
        0.892685       -0.254168        -1.02015
        0.515659         2.10024       -0.309264
         1.13761       -0.811103         2.23927
        -1.32202         -0.1305        -1.97463
          1.4683         1.22573        -1.59537
        0.762378       -0.513586       -0.458476
         -1.6117         1.12952     -0.00171019
       -0.736286         1.23889        0.212093
         -2.0231        -1.71756         1.00789
       -0.929681         1.63736        0.688353
         1.08654        0.146129       -0.285989
         2.13352       -0.550973        0.211358
         3.09486        0.495098       -0.545357
       -0.157944        -1.84106         0.27323
        0.579281        0.243547        -1.05608
       -0.684692        0.180825       -0.685783
        0.546422        -1.94125        0.794516
        -1.15834        -1.41957        0.290692
        -1.73156       -0.193512        0.655304
         1.03054         3.06552        -0.26665
         1.70376         1.78701        0.464043
        0.672697        0.376432         2.76849
        0.406062        -1.19518          1.9706
        0.844225        0.266655      -0.0913168
       -0.184629        0.820166        -1.65001
         1.65463       -0.413566         2.97661
        -1.66277      0.00144882        0.212024
        -1.73315         0.38401        -1.20979
        -1.06653        0.617029         1.51284
        -1.30634         1.16253        -2.52758
        0.502974       -0.780459          0.3944
        0.389803        -1.11466         1.24646
       -0.240737       -0.630272         1.76635
        0.532731       -0.361496       -0.283048
        0.680826       -0.420537       -0.209769
       -0.991695       -0.462775        0.912718
       -0.215379         1.25533        -2.39667
        0.454724        -1.69622        -1.22713
        0.433004         1.22728         1.24832
        -1.12518         1.07012        0.813248
       0.0757575          0.9623         0.38014
        0.221827       -0.779058        0.649049
          -1.363        0.354617        0.594343
          1.4419        0.916071         1.03777
        -2.07195          -2.374        0.646028
        0.474568         1.36862        0.189287
         1.20653        -1.40155      -0.0906898
         1.88109         1.35501        0.923801
        0.385376         1.64356        -1.45016
         2.42084        -1.51463       -0.685147
        0.420627        0.186721       -0.757124
         1.04233        0.406355         1.91224
        -1.09632        -1.20548        0.288654
