        -1.04536        -1.00905         1.10558
        0.347763        0.674868        -0.16196
       -0.311041       -0.163533         1.05189
        -1.68234         1.29525        0.252507
        0.303969        0.776083        0.242337
       -0.616321       -0.389558        0.810152
        0.537279        0.816915        -1.45563
        0.403314        -1.50793        0.748385
       -0.335232         1.30813         1.63739
       -0.716301         1.73865        -1.23893
         1.05105       0.0673249       -0.982692
        0.124375        0.157377         3.03828
       -0.381924       -0.439543        0.474621
        -1.53363         1.27596        -1.95878
       -0.982178         2.24082       0.0782397
         1.17762       -0.642453       -0.885172
        0.809901       -0.872065        -2.49617
       -0.289269        -1.05614         0.88196
        -1.41683       0.0230327         1.52752
       -0.692238        -1.21688        -1.00775
         1.55464       -0.657858        -1.81333
        -1.78846       -0.345988       -0.881931
       -0.384461       -0.438237        0.793512
       -0.403902        0.504704        -1.98791
        0.947804        0.347718        -0.19659
       -0.389244        0.185313        -0.55017
        -1.02576        0.318192        0.621336
        0.160621         1.41088           1.046
         1.14474        -0.36764        -2.76113
        0.332355        0.520405         0.94385
        0.894061        0.293817        -1.31957
       -0.989684        -1.01076       -0.682444
        -1.26055       -0.127767       -0.039635
        -1.72827         1.78593       -0.865377
         2.00641         1.25787        0.944744
        0.452351       -0.761219        0.125362
        -1.14519       -0.547225         1.35737
        0.983626      -0.0291115       -0.851927
       -0.886162       -0.212269       -0.212798
         1.74774         0.20956        0.608377
      -0.0207759          1.2665       -0.603975
       -0.688029         1.57195       -0.103815
        0.701705        0.977198        0.340662
       0.0989213       -0.610191       0.0220116
       -0.792937         1.12205        0.140306
        0.208262         1.24202        0.373274
         1.90643       -0.495712       -0.509467
         1.92537         0.38422        0.555217
         1.61221        0.775066         1.34381
       -0.549182        -1.83588         0.95759
        0.328322         3.28139        0.683057
        0.214662        0.508532        0.287425
      -0.0291992       -0.435665        0.481974
        -0.79599         1.18016        -1.19781
        -1.19239         0.48141       -0.268393
       -0.510706        0.929611       -0.320278
        0.292868         1.88885        0.366602
        0.755004         1.49765       -0.398672
        -1.81492       -0.501286        0.324922
        -1.77902       -0.821768        0.364275
       -0.116931        -1.29442        0.054954
        -0.67433       -0.568184        -2.39474
         2.03506        -1.15582        -1.40909
          0.3359        -1.37055         1.55522
         1.80301       -0.419544        -0.93794
       -0.519887        -1.21233         1.70115
        -2.36581        0.486927         1.12213
        -0.33195       -0.935149        -1.19472
           1.577       -0.209416       -0.336488
         1.63401        0.947917        -2.65459
         1.70196      -0.0503266         1.79519
       0.0986027       -0.884877       -0.800919
       0.0428691         1.19118        -1.91644
        -1.71174        -1.40707         1.53486
       -0.617488        0.642287        -2.35973
        -1.55936       -0.176408       -0.344731
         1.46153        -1.34523         1.34193
       -0.128587       -0.763084       -0.322081
        0.455976        0.917923        0.163441
         1.39432       0.0892523         2.01947
        -1.67824       -0.611493       -0.168623
         1.34584       -0.286352         2.18343
        0.671607         -1.2282        -1.07955
        0.043005        -1.51463         1.36927
         1.04244        -1.00518         1.82643
        -0.31259        0.142573       -0.544834
       -0.193068        -1.43919        -2.06053
       -0.843489         -1.6461         1.65499
       -0.731822       -0.313107        0.208269
       -0.247607        0.813152        0.435953
         2.55948      -0.0753397       -0.577335
        0.665241      -0.0886368          1.1592
        0.397274       -0.471381        -1.15112
        -1.89508        -1.16072       -0.146715
        0.839418         2.46874        0.884325
       0.0759405        -1.65865         1.07243
        0.153608       -0.763018        0.861449
       -0.223969       -0.343177        -1.00354
        -1.59986        0.941434         0.33494
       0.0383051       -0.925683        -1.46196
          1.4576       -0.438703       -0.683406
         2.33961       -0.582001        0.830623
        0.325355       -0.351443        0.204986
        -1.69172         1.37265       -0.222752
        0.160689       -0.799335         1.48669
        -1.08974         1.36118       -0.629978
       -0.466544       -0.083845        0.729747
       -0.501737        -1.61633       -0.907497
