        -0.56358       -0.319497        -1.31602
       -0.720945        -1.17295        -1.44695
        -1.22789        -1.67994         1.16528
       0.0222514         -1.2612        0.906535
        -1.20441        0.294749         1.14792
        -2.32021        0.321039        0.311964
        0.409536         2.31209       -0.472686
         1.45735         1.27875       -0.637723
        0.202591        -1.52824        0.026833
       -0.772037         0.27817        0.940298
         1.06784        0.631643       -0.377511
       -0.910466         0.32042         1.11223
        0.575819        -0.10242         1.53245
        0.953949        -1.43114        -0.51871
       -0.323795       -0.419718         1.69723
        0.435238       0.0507709        0.622994
      -0.0557281        0.122763        0.890204
         1.07863       0.0469602        -1.59681
       -0.553568       -0.197453        -1.61854
         1.00526        0.190726        0.647182
       -0.655541       -0.695382        -1.20134
       -0.875306         1.35179       -0.463329
       -0.310343        0.902666        -0.58107
      -0.0226627         1.25792       -0.426227
        0.607773        0.827344         1.34076
        0.760085        0.815082       -0.846524
        0.041011      -0.0284839       0.0356869
        0.203408       -0.642623          1.0336
       -0.727243        0.222929        -1.23351
        -1.75146         1.85228       -0.567894
         -1.7987        0.801802         0.80058
        -1.43938        0.427324       -0.184298
        -1.81084        -1.65162       0.0686274
       -0.955485       -0.818426        0.639046
       -0.419989       -0.109161        0.474371
       -0.555068       -0.387718        -1.11064
       -0.750905       -0.860361       -0.659588
       -0.686242        0.847482        0.322166
       -0.483399        -1.41905      -0.0670039
       -0.619855        0.317384        -0.25227
          1.4205        0.939031         2.21723
         1.42339      -0.0515175        -1.67754
        -2.05881        -1.00991        -1.14653
        -2.36249          1.7031       -0.014809
       -0.185709        0.359445      -0.0113034
      -0.0946369        0.128401         1.77615
          -1.897         3.79682        0.516752
         0.47756        0.172003         1.46336
        -1.93301         0.64888         0.89976
        0.720672        0.206055       -0.830423
         2.44192       -0.522922       -0.189961
        0.427945        0.177863         -1.1327
        -1.86325        0.530076         0.65391
        -0.96808       0.0821938       -0.404619
        -1.68395        -1.28304         -1.2951
       -0.578422         -1.0471         0.60248
         1.18108       -0.765134        -1.70073
       -0.301712         2.23539        0.961285
        0.696534       -0.574178       -0.234688
      -0.0284599       -0.207363         1.06842
        0.404898       0.0992495        -1.32218
         1.80282         0.72814       -0.562358
       -0.446438        -1.53018        -1.37841
        0.597884         1.98777       -0.641135
       -0.190927        -2.70306        -1.24615
        -1.59627        0.923945         1.55872
          2.1021        -1.64556        -1.40014
        0.153145        -3.22253        0.745831
         1.97541         1.57673        0.662444
         1.08053        0.221313       -0.938222
         1.73093       0.0898144       -0.673655
        0.384681        0.207273        -2.10626
         3.56163          1.2708         2.34606
       -0.509127        0.926451       -0.446619
        0.279768        0.980509         1.84467
        0.369171        0.936601       -0.259033
        0.649578        0.278879        0.373425
         0.24699        -1.06433       -0.337779
        0.883622       -0.187751         2.06223
        0.249346       -0.236729        0.667181
         1.92323         -1.0674         1.18724
       0.0637589         1.80248        0.246186
      -0.0341479       0.0629709        0.162156
        0.610402        -1.60695        -1.33788
        0.961164        -1.72815        -1.69494
        -1.36767         1.83965        0.397691
         2.32711       -0.668092        0.503857
       -0.790606       -0.383444         1.45078
       -0.388766        0.223328        0.786298
       -0.170483      -0.0214902       -0.017583
          1.0449       -0.134017          1.5782
         3.51277       -0.590836        0.106068
         1.23062        -2.19671       -0.268197
        0.716787       -0.676146        -2.11197
        0.326771       -0.833749        -1.52196
         1.31386        -1.26348       -0.541718
        -2.04655          1.6301        0.039495
       -0.770091        -1.01955         -1.5315
        -1.51071         1.71246       -0.671913
        0.808228        -1.47093         0.80682
       -0.555437         0.47877       -0.739786
        0.706607         0.32279        0.651692
       -0.151483       -0.160441         -1.1203
       -0.920807         1.40159        0.724655
        0.417688        0.292823          0.6785
        0.745429        0.448079       -0.682071
        -1.59409        -1.22829         1.96391
        -1.27799        -1.06753        0.349395
