         1.24426      -0.0140735        0.623206
        -1.12742        0.154278        0.802494
        -1.25897        -0.45221         1.19709
       -0.817716        0.359293         1.88472
         1.42013       0.0886765        0.974749
       -0.249422         2.06097        -1.31891
        -0.58752        0.288142        -1.93363
       -0.174984         1.67049        -0.85682
       -0.858574        -1.10788        0.698378
       -0.696734        0.846685        -1.25517
       -0.618388       -0.125718       -0.179871
       -0.727452       0.0490042       -0.668464
         0.72294        0.839758         -1.2729
         0.30906         0.44886       -0.664873
       -0.818009        0.625957         1.23825
        0.240953         1.93334        0.956134
        -0.26307        0.384461        0.319584
       -0.494696        0.368702       -0.556797
        0.266126       -0.629612        0.193959
       -0.638159        0.496255       -0.140372
        -1.55179        -1.02788        -1.16906
        -1.41358        -2.68304        -2.95091
       0.0133475        0.867119        0.943413
         1.48599        0.142543        -1.39523
        -2.94861       -0.222923         0.96798
        0.779957         1.33745        0.678968
        -2.35149        0.686432        0.220469
       -0.592542        0.816477         0.22816
       -0.407979        0.560943       -0.414747
         1.02261        0.900343       -0.975352
        -1.88788       -0.985654        0.246146
        0.799592        -1.73516       -0.231242
         1.47265         1.38117       -0.237248
       -0.521045         1.22405        0.804912
       0.0520315      -0.0890614       -0.845174
      -0.0309293        0.528677        -1.41816
       -0.407516       -0.547673        0.509776
        -1.45278       -0.380721          1.0176
          1.5719       -0.653412       -0.634707
         1.22459       -0.541642       -0.501749
        -1.46719       -0.376836       0.0311479
        0.922417        0.797578         -1.1826
        0.982333       -0.161592        0.116541
         1.18751        -0.22705       -0.532804
       -0.635027        0.870949        0.396416
         2.84822       -0.874136       0.0201598
           1.477         1.72908        -1.02686
      -0.0748203       -0.124781        -1.93759
        0.911085         1.57722        0.148403
       0.0957331       -0.121972       -0.870382
        0.838675         0.19624        0.219271
         1.91851         2.13878       -0.532764
       -0.247156       -0.858558        0.759448
       -0.755925       -0.159414        0.373965
       -0.231814        -2.55964       -0.090884
       -0.496352        -2.74414        0.525677
       0.0126226       -0.709411         2.45479
         -2.8742        -1.77543        -1.48742
       -0.649913         -1.4996       -0.569971
       0.0148357       -0.179305        0.657087
      -0.0351436          0.2737        0.589297
         1.38596       -0.268144        0.179361
         1.08352         1.36414       0.0948941
         1.62223        0.622028        0.317036
      -0.0905607        0.123055        0.369391
       -0.575933         1.06107        0.484688
        0.514683       -0.814559        0.672897
         1.55649        0.674629        -0.26092
         2.71409          2.0829         1.17135
         0.73886       -0.559516        -1.63352
        0.728577        0.491954       0.0285223
        -1.43031        -1.03477       -0.502942
        0.748821        0.542052        0.424074
        -1.53833      -0.0614456        0.403002
        0.924996       -0.788762         1.49044
        -1.28913         0.18407         1.37633
        0.872269        0.921663         0.28176
        0.591015          1.1291         1.25868
         1.07348       -0.785227         1.32431
       -0.460212        -1.19222        0.385861
        0.487556        -2.14715       -0.080616
       -0.632081        0.707858      -0.0378777
       -0.842773        -1.92965        -1.68422
       -0.598788       -0.174578         1.76552
        0.368644        -0.96674        0.673459
          1.1377        -1.00173      -0.0913084
        -2.59701         0.80298        0.439471
         1.07718        0.136687         1.08325
        -1.79747       -0.378128       -0.104132
          -0.255       -0.391665       -0.624107
        0.895324         1.05131       -0.186735
        -1.17859       -0.762987        0.592018
       0.0827866        0.414282         1.09434
       -0.957057        0.732442      -0.0695548
         1.58758        0.872502       -0.478623
        -1.11331       0.0807537        0.047299
        -2.15999        0.826752        -0.55248
        0.167417        -1.29644        -1.01111
        0.134076        0.838794        -1.10513
        0.646977        -1.75052       -0.595759
        0.767299        -1.34516        0.331299
       -0.149767        0.932028       -0.605795
         1.73519        0.656162        0.871968
      0.00955008        -1.63882        0.816648
         1.26554        0.765255       -0.139838
        -1.71453       -0.052482       -0.911336
        0.331319       -0.840452        -0.51262
        0.661398       -0.908438         0.26519
