        0.298162       -0.339228      0.00655385
        0.929842       -0.244376        -1.83675
         1.39397         1.47802        0.305997
        0.936357        0.208648       -0.534095
       -0.192777         0.70555        0.720044
       -0.238576       -0.145836       -0.414825
         1.13198        0.971718        0.495651
         1.37586        0.905584        0.115627
     0.000432428        0.984913        -0.88347
         1.38335       -0.237507       0.0214341
        0.079812       0.0543099        -1.13302
       -0.118363         1.06177       -0.400979
       -0.577751         1.10498         1.83637
       -0.966162       0.0767943        0.184533
       -0.535086         1.72803        0.733307
       -0.273816        -1.12257        -1.12716
         1.54124       -0.589959         1.19439
        0.617432       -0.452633         -1.8441
       -0.705711        0.575574        0.979317
       -0.133681        0.502105        -0.46004
       -0.172944        0.289779        0.417866
        0.551912       -0.573457        -1.03348
         1.07293      -0.0801927        -0.31495
        -1.19097        0.468259         1.58796
         2.30452         1.07547        0.634018
      -0.0558374          1.2254        0.669902
       0.0873514       -0.235641        0.624112
        -1.53796        -1.61849       -0.748504
       -0.477646       -0.394219       0.0796787
        0.740994      -0.0851769         1.57499
        0.793667         0.26819         1.33418
       -0.428957       0.0651267       -0.370338
         1.05629       -0.246791         1.55509
       -0.133574        -1.14877         1.35873
        0.504593        0.738572       -0.586067
       0.0396023        0.644323        0.666601
       -0.682422       -0.226863         2.16792
       -0.549056        0.914169         1.26128
        0.860976       -0.593752         0.35877
         1.30776       0.0506276       0.0834004
       -0.107528        0.652597        -1.72535
       0.0535052        -1.03804       -0.495316
        0.604765        -1.26299       -0.578526
       -0.581325       -0.495584        0.222572
          1.3548        0.178976         1.01774
       -0.611633         -0.3339       0.0574852
         1.28336         1.27359        0.350789
        0.375927       -0.158533       -0.345244
       -0.814741       -0.412244       -0.974142
       0.0119646       -0.430104         1.73989
        -1.26067         -1.3938        -1.12481
        -0.61932       -0.946152        0.862904
        -1.38748         1.71503       -0.330841
        -2.52996        -1.96631       -0.131583
     -0.00550076       -0.831468       -0.478492
        -1.51052       -0.240877        -2.68933
        0.228393       -0.346566      -0.0571804
        0.646448       -0.219185       0.0658637
        -0.46892         1.28977      -0.0809731
       -0.656375         1.73745       -0.712481
        0.947852       -0.708066       -0.480523
         -1.4457        0.215786       -0.399069
        0.298635        0.763455       -0.784591
        -0.17678        -1.20691        0.082802
        0.746219       0.0796942        0.265588
        0.932771        -1.59142        0.819309
       -0.259502        -1.59478       0.0187725
      -0.0785477         1.03852      -0.0869177
        -1.26136        -1.20873       -0.950161
          0.1977         1.77738      -0.0206385
        0.524746        0.568546        0.627282
         0.48819       -0.633681        0.351041
        0.992693        0.390595        -0.66211
       -0.607688        -1.36943       -0.987375
       -0.792268       -0.215032        -1.44777
         0.52834        0.344474        0.108913
        0.227478       -0.967217        0.229939
       -0.526778        -1.06668        -1.49172
       -0.375861         0.53661         1.29523
      -0.0301392        0.655344        0.341544
        0.748045        -1.46829        -1.10618
        0.474641       -0.492083        0.485177
       -0.634117          1.8305       -0.837402
         0.62086        0.486277        0.510554
       0.0580036       -0.469609       -0.385982
         -1.4684        0.768177        0.977354
       -0.181357          1.3247        0.613857
        0.709518        0.366534        0.828691
        -1.87445        0.469936       -0.292656
        0.805364        0.362857         1.29906
         1.17325       -0.630904       0.0274101
        -1.63734         1.11868       -0.396815
        -0.20845       0.0506183        0.431786
        0.453613        -1.06412        -1.03849
        -1.57196       -0.993265        0.262976
       -0.950227        0.265373       -0.685803
        0.249066         1.35899       -0.741956
         -1.2344        -1.41829        0.292724
        -1.18047        0.350945       -0.785186
        0.527944        -1.50156          1.3195
        0.768164       -0.272421       -0.256391
         1.56276       -0.692899       -0.803888
       -0.193174        0.523791       -0.138438
        0.862932       -0.580401        0.910144
       -0.713217       0.0724245        0.477655
        -1.03573       -0.192457       0.0630113
       -0.458297       -0.178239        -1.23225
      -0.0455062        0.262173       -0.500948
