        0.945507         -1.1427      -0.0373059
      -0.0309637     -0.00962596      -0.0624416
       -0.705642         0.26712          0.1366
       -0.832603        0.204784        0.316612
        0.681841      -0.0288218        -1.35154
        -1.02125        0.478479        0.188377
        0.198182       -0.706691        -2.67887
        0.173897        -1.70187       -0.221601
       -0.055625         1.64844        -1.85175
        0.300755         1.28881        -1.03126
       -0.634961       -0.913759        0.917687
           -1.38        0.684946        0.948043
        -1.12222        0.714601        0.908155
        -1.02206       -0.412956        0.167552
         2.30203        0.934343        0.829134
        0.380802        -1.01799        0.237731
       -0.599088        0.286974       -0.729147
       -0.817714       -0.737976          0.1302
       -0.941758       -0.123445         1.44274
        -1.84028       -0.236534        -0.93688
        -2.20304       -0.156016        0.487302
       -0.482889       -0.247861         2.46137
        0.244607       -0.219133       -0.720032
        0.266427        0.385265       -0.172738
        0.426916        -1.75921       -0.736777
         1.67268      -0.0392256        -0.63865
        0.494825          0.8907       -0.533604
        0.115484      -0.0966493        -2.13274
       -0.147507        0.133319       -0.821559
       -0.374222        0.735706       -0.398389
        0.990607        -0.54617         1.19685
        -1.60079       -0.539383       -0.913745
        0.138841        0.685443        -1.01211
        0.140553         1.85255        0.084165
       0.0830348        0.291452       -0.513697
        -0.94645      0.00559377         1.47923
       -0.509231       -0.855887         0.28403
       -0.768659        0.101106         0.78372
        0.702202        0.650403       -0.635084
       -0.115722       -0.715126         2.75524
        0.246154         1.62132         1.22074
       -0.684779       -0.525936         1.13296
       -0.100874       -0.236315       0.0610831
       -0.213655         2.20219        0.763396
        -1.10658        -1.38171        0.288207
        0.169464        0.103915          1.1003
        -1.50962        0.288251        -1.69274
        0.406451       -0.341236        0.499078
        0.629987        0.544982         1.16313
         1.54736       -0.470571        0.836488
       -0.429685        0.920695         -1.5555
       -0.260519        0.395887        0.667913
         0.92458        0.124177        0.732978
         1.02635       -0.468902        0.829916
        0.191746       -0.360832       -0.604902
        0.489061        0.871498       -0.979145
        -1.06754        -1.60421         1.66678
         -1.0287        0.355584       -0.694677
       0.0107308        -1.88768      -0.0418979
       -0.923462        0.067825        0.894498
        0.692528       -0.738065         1.50009
        0.896456        0.402172         1.11754
       -0.856222       -0.626447        0.516092
       -0.615809       -0.727633       -0.549227
       -0.288101        0.985074        0.167116
         1.54803         0.60468         1.31897
         1.27734       0.0186639      -0.0862189
        0.871069        -1.22348        -1.41266
       -0.263176        -0.93931         -1.5853
         1.10415        -0.69925       -0.549936
          2.1996        0.433823           0.727
        0.795792      0.00920149        0.458673
       -0.602464       -0.100876         1.44051
       -0.875183       -0.336438       -0.983852
        -1.34394        0.109419       -0.457602
         1.70308       -0.249736       -0.841514
        -0.21336        0.285128         0.23465
        0.728594       -0.472729        -1.40438
          1.3507        0.627304         0.13086
        0.481709        -1.48257       -0.150886
         1.27495       -0.363906       -0.286058
        -0.55801        0.986747        -0.40384
        0.290079        0.359452         -1.2733
         1.07628         -1.5079        -1.64482
       -0.319489        0.308579       0.0628304
        0.212735       -0.602427      -0.0529305
    -0.000652706       -0.149634       -0.324469
         1.17966        0.748223       -0.428143
        -2.36113         0.19756       -0.378193
       -0.531944        0.150102         1.33764
       0.0787255        0.352446         1.41526
       -0.761984        -1.87483       -0.621924
         2.27093       -0.464409        0.922098
       0.0820621       -0.481876       -0.111906
       -0.185049       0.0132799       -0.536705
       -0.119653         2.32369       -0.603315
       -0.413816        0.435988        0.997598
         1.94628       -0.729606       -0.989447
       -0.890175       -0.734533       -0.802142
       -0.636171        0.067491         0.17168
      -0.0803416         1.45352       -0.461049
       -0.106056        0.730329        -1.16197
        0.285697        -1.11472        0.148706
         0.33488        0.253017        0.451599
        -1.23562         1.08794        0.893859
        -0.88538      0.00232555       0.0383109
       0.0975015         1.17071        0.934632
        0.941911         1.25158       -0.797364
