        -1.18615        -1.14495         1.25448
          0.3946         0.76576       -0.183773
       -0.352932       -0.185558         1.19356
        -1.90892         1.46969        0.286515
        0.344908        0.880607        0.274975
       -0.699327       -0.442024        0.919264
         0.60964        0.926937        -1.65167
        0.457632        -1.71102        0.849178
       -0.380381         1.48431         1.85791
       -0.812773         1.97282        -1.40579
         1.19261       0.0763922        -1.11504
        0.141126        0.178572         3.44747
       -0.433361       -0.498741        0.538543
        -1.74018         1.44781        -2.22259
        -1.11446         2.54262       0.0887771
         1.33622       -0.728979        -1.00439
        0.918979       -0.989515        -2.83236
       -0.328228        -1.19838         1.00074
        -1.60765       0.0261348         1.73324
       -0.785469        -1.38077        -1.14347
         1.76402       -0.746458        -2.05755
        -2.02933       -0.392586        -1.00071
        -0.43624       -0.497259        0.900382
         -0.4583        0.572678        -2.25564
         1.07546        0.394549       -0.223066
       -0.441667        0.210271       -0.624267
        -1.16391        0.361047        0.705018
        0.182253          1.6009         1.18688
         1.29892       -0.417154          -3.133
        0.377117        0.590494         1.07097
         1.01447        0.333389        -1.49729
        -1.12298        -1.14689       -0.774356
        -1.43033       -0.144974      -0.0449731
        -1.96103         2.02645       -0.981926
         2.27663         1.42728         1.07198
        0.513274       -0.863741        0.142246
        -1.29942       -0.620925         1.54019
          1.1161      -0.0330323       -0.966665
        -1.00551       -0.240857       -0.241458
         1.98313        0.237784        0.690314
       -0.023574         1.43707       -0.685319
       -0.780693         1.78366       -0.117797
        0.796211         1.10881        0.386543
        0.112244       -0.692372       0.0249762
        -0.89973         1.27317        0.159203
         0.23631          1.4093        0.423547
         2.16319       -0.562475       -0.578082
         2.18468        0.435966        0.629994
         1.82935        0.879452          1.5248
       -0.623146        -2.08314         1.08656
        0.372541         3.72333        0.775052
        0.243573        0.577021        0.326136
      -0.0331318       -0.494341        0.546886
       -0.903194         1.33911        -1.35914
        -1.35298        0.546247        -0.30454
       -0.579488         1.05481       -0.363413
        0.332312         2.14324        0.415976
        0.856688         1.69936       -0.452365
        -2.05936         -0.5688        0.368682
        -2.01862       -0.932444        0.413336
       -0.132679        -1.46875       0.0623552
       -0.765149       -0.644707        -2.71727
         2.30914        -1.31149        -1.59886
        0.381139        -1.55513         1.76468
         2.04584       -0.476048        -1.06426
       -0.589906        -1.37561         1.93026
        -2.68444        0.552507         1.27325
       -0.376658         -1.0611        -1.35562
         1.78939        -0.23762       -0.381807
         1.85407         1.07558        -3.01211
         1.93118      -0.0571046         2.03697
        0.111883        -1.00405       -0.908787
       0.0486427         1.35161        -2.17455
        -1.94227        -1.59657         1.74157
       -0.700652         0.72879        -2.67753
        -1.76937       -0.200167        -0.39116
         1.65837         -1.5264         1.52267
       -0.145905       -0.865856       -0.365459
        0.517387         1.04155        0.185454
         1.58211        0.101273         2.29145
        -1.90426       -0.693849       -0.191333
          1.5271       -0.324918         2.47749
        0.762059        -1.39362        -1.22494
        0.048797        -1.71862         1.55368
         1.18284        -1.14056         2.07241
        -0.35469        0.161775       -0.618213
        -0.21907        -1.63302        -2.33804
        -0.95709         -1.8678         1.87789
       -0.830384       -0.355276        0.236319
       -0.280955        0.922668        0.494667
          2.9042      -0.0854865       -0.655091
        0.754836       -0.100574         1.31532
        0.450779       -0.534867        -1.30616
        -2.15031        -1.31705       -0.166475
        0.952471         2.80123         1.00343
       0.0861682        -1.88204         1.21686
        0.174296       -0.865782        0.977469
       -0.254133       -0.389397         -1.1387
        -1.81533         1.06823         0.38005
       0.0434641        -1.05035        -1.65886
         1.65391       -0.497787       -0.775448
         2.65472       -0.660385        0.942492
        0.369174       -0.398776        0.232594
        -1.91956         1.55752       -0.252752
        0.182331        -0.90699         1.68692
        -1.23651          1.5445       -0.714824
       -0.529378      -0.0951372         0.82803
       -0.569311        -1.83402        -1.02972
