       -0.853533       -0.823887        0.902702
        0.283947        0.551028        -0.13224
       -0.253964       -0.133524        0.858867
        -1.37363         1.05757        0.206171
         0.24819        0.633669        0.197867
       -0.503224       -0.318073        0.661487
        0.438686        0.667008        -1.18852
        0.329304        -1.23122        0.611054
       -0.273716         1.06809         1.33692
       -0.584857         1.41961        -1.01158
        0.858178       0.0549705       -0.802365
        0.101552        0.128498         2.48074
       -0.311839       -0.358885        0.387526
        -1.25221         1.04182        -1.59933
       -0.801945         1.82962       0.0638824
        0.961519        -0.52456        -0.72274
        0.661281       -0.712038        -2.03812
       -0.236187       -0.862335        0.720117
        -1.15684       0.0188061         1.24721
        -0.56521       -0.993578       -0.822823
         1.26936       -0.537139        -1.48058
        -1.46027       -0.282498       -0.720094
       -0.313911       -0.357819          0.6479
       -0.329785        0.412089        -1.62312
        0.773879         0.28391       -0.160515
       -0.317816        0.151307       -0.449212
       -0.837531        0.259803        0.507318
        0.131146         1.15198        0.854058
         0.93468       -0.300177        -2.25445
        0.271367        0.424909         0.77065
        0.729998        0.239901        -1.07743
       -0.808074       -0.825283       -0.557213
        -1.02924       -0.104321      -0.0323618
        -1.41113          1.4582       -0.706577
         1.63823         1.02704         0.77138
        0.369343       -0.621533        0.102358
       -0.935042       -0.446807         1.10829
        0.803127      -0.0237695       -0.695595
       -0.723549       -0.173317       -0.173749
         1.42703        0.171105        0.496738
      -0.0169634         1.03409       -0.493144
       -0.561773         1.28349      -0.0847649
         0.57294        0.797879        0.278149
       0.0807689       -0.498219       0.0179724
        -0.64743        0.916148         0.11456
        0.170045         1.01411        0.304777
          1.5566       -0.404747       -0.415978
         1.57206        0.313714        0.453333
         1.31637        0.632839         1.09722
       -0.448405        -1.49899        0.781869
        0.268074         2.67924        0.557714
        0.175271        0.415214        0.234682
      -0.0238411       -0.355719         0.39353
       -0.649923          0.9636       -0.978012
        -0.97358         0.39307       -0.219142
       -0.416989        0.759024       -0.261506
        0.239126         1.54224        0.299329
        0.616458         1.22283       -0.325514
        -1.48188       -0.409299        0.265297
        -1.45257       -0.670971        0.297429
      -0.0954739        -1.05689       0.0448697
       -0.550588        -0.46392         -1.9553
         1.66162       -0.943723        -1.15051
        0.274261        -1.11905         1.26984
         1.47215       -0.342556       -0.765825
       -0.424486       -0.989864         1.38898
        -1.93168        0.397575        0.916211
       -0.271036       -0.763546       -0.975482
         1.28762       -0.170987       -0.274742
         1.33416        0.773971        -2.16746
         1.38964      -0.0410915         1.46577
       0.0805087       -0.722499       -0.653948
       0.0350024        0.972592        -1.56477
        -1.39763        -1.14886          1.2532
       -0.504177        0.524425        -1.92671
        -1.27321       -0.144037       -0.281472
         1.19333        -1.09837         1.09568
       -0.104991       -0.623055       -0.262978
        0.372303        0.749481        0.133449
         1.13846       0.0728742         1.64889
        -1.37027       -0.499282        -0.13768
         1.09887       -0.233806         1.78276
        0.548364        -1.00282       -0.881449
       0.0351135        -1.23669           1.118
        0.851151       -0.820725         1.49127
       -0.255229        0.116411       -0.444855
       -0.157639        -1.17509        -1.68241
       -0.688706        -1.34403          1.3513
        -0.59753       -0.255651        0.170051
       -0.202171        0.663936        0.355954
         2.08981      -0.0615146       -0.471392
        0.543167      -0.0723717        0.946481
        0.324373       -0.384881       -0.939887
        -1.54732       -0.947725       -0.119792
        0.685382         2.01572        0.722048
       0.0620052        -1.35428        0.875634
         0.12542       -0.623002         0.70337
        -0.18287       -0.280203       -0.819387
        -1.30628        0.768678        0.273478
        0.031276       -0.755817        -1.19368
         1.19013       -0.358199       -0.557999
         1.91029       -0.475202        0.678201
        0.265651       -0.286952        0.167371
        -1.38128         1.12077       -0.181876
        0.131202       -0.652654         1.21388
       -0.889772          1.1114       -0.514375
       -0.380931      -0.0684591        0.595836
       -0.409666        -1.31973       -0.740968
