         1.35818       -0.247922          1.1791
        -1.12277       -0.307889        0.372137
        0.217918         0.43721        0.153991
        0.477816         1.27974       -0.845261
        0.130187        0.133498        0.523311
       -0.951845       -0.171004        0.556477
        0.835577      0.00239427       0.0669927
       -0.082308        0.290173         1.26551
         1.80604        0.112415        0.164959
        0.112811         1.04416        -1.36353
         0.51674       -0.546248       -0.882939
       -0.826148       -0.722586        -1.08786
        0.619156        0.372095       -0.445775
      -0.0731249        0.771046         1.21171
       -0.108251       -0.894075         -1.6635
         1.60475        0.597422         1.17256
      -0.0412419        0.650527        0.894232
         1.45706        0.351147      -0.0870337
       -0.892429        -1.00005        0.897563
       0.0817967       -0.848328         1.07139
      -0.0326998       -0.945471        -1.38284
       -0.567059       -0.607035       0.0850475
       -0.507209        0.537504        0.111893
        0.713649        -1.73785       -0.158439
         0.41177       -0.255197        -1.50043
        0.650764       -0.514234        0.721523
        0.507578       0.0498079         1.61204
        -2.62866       -0.717467       -0.379161
        -1.63387        -1.14373        0.157715
        0.325762        -0.72758        0.273101
        0.411564        0.126525         1.20115
       -0.105245          1.5694       -0.516084
      -0.0585972       -0.485016        -0.52719
        0.545812         2.95971         1.51838
        0.254568        -0.63081         1.20429
        0.135642        0.180235        -0.14736
       -0.856849        0.559627        0.332725
        -0.74328        0.379667        -1.60664
       -0.113142        0.104271       -0.339902
       -0.834651       0.0538361        0.535644
         1.06766        0.346331       -0.304191
       -0.197353        0.906886        -1.45923
      -0.0161279       -0.917744       -0.295387
         0.23028       -0.944628        0.462462
        0.945438         0.55145        -1.12598
        0.448009        0.278744         1.15345
        0.361813       -0.113043        -0.46922
        -1.19568        0.873973        -1.98294
       -0.274436        -1.08726       0.0968532
        -1.52283        0.252993        -1.19617
        -1.35745       -0.276317       -0.826298
        0.955154       -0.166846    -0.000801159
       -0.527795         1.72631        0.279307
        -1.58762      -0.0663839       -0.168895
      0.00261839        -1.04665       -0.698178
         2.07051        0.719824       -0.387411
         1.25146       -0.613804        0.963957
        0.992332         1.02512       -0.308043
       -0.885498        0.648057        0.618044
       -0.983199        0.751077       -0.724723
       -0.200888        -1.43446        0.964523
        -1.31233        -1.40408       -0.566031
        0.389468        0.253547       -0.788405
        0.299043        0.638593        0.557783
       -0.491245         -1.4019        -1.00455
        0.165303        -1.61098        0.987312
        0.898252       -0.488761        0.767964
        -1.30538        0.904834        -1.78322
       -0.192139       -0.640999       -0.648611
        -1.16817        0.446314       -0.705361
       -0.259931       -0.615057         1.14997
        -1.62365        0.789024       -0.365307
        0.695865         0.18631        -0.39121
       0.0501376         1.14975        -0.20498
       -0.289065        0.144219       -0.933156
       -0.345372       0.0290149        0.776107
       -0.132477        -1.17508         -1.1127
         1.13802        0.918698        -1.56671
        0.063009        0.960064        -0.57228
       -0.390744       0.0466489           1.394
         2.39732       -0.378467        0.318649
        -1.70637        -1.03013        0.589778
        -1.65043       0.0471881        0.300643
       -0.319377        0.195294        0.588128
        0.979469         1.45834       -0.255312
         1.66551        0.452157          1.7506
        -0.46231        0.979921       -0.137805
        0.559305    -0.000600114        -1.98508
         1.26749       -0.265314       -0.530315
       0.0729413        0.237353        0.513939
        0.646661        0.193067        0.598788
       -0.200559        0.899193         1.05355
       -0.337848        -1.25529       -0.137018
         1.96203       -0.427788        0.621663
       -0.171008        0.558421       -0.183991
        0.139547       -0.467949        0.206652
       -0.825582         0.21008        0.326841
        -1.70685       -0.542184       -0.394774
       -0.610433         1.06856        0.892816
       -0.821321        -1.43321       -0.337951
        0.552455         1.67133         1.63128
      -0.0522162         -1.9078        -1.10854
        0.118393        -1.22748         1.14653
         1.56978        -0.75728        0.322807
       -0.925963        0.796363         1.28277
        -0.36181         1.91078       -0.364204
        0.755212        0.379105        -1.28296
        0.705189        -1.96735        0.641273
