        0.515759       -0.714699       -0.515373
         0.14111        0.651888         -1.8906
      -0.0151129        0.404422        -1.26313
         1.77174        -1.20992        0.501292
        0.839928         0.35287        0.801385
       -0.161142         1.46838         1.18402
        0.772588       -0.339178        0.310083
       -0.647769        0.384247      -0.0698166
       -0.714819         1.27624       -0.847549
       0.0515811      -0.0424158        0.195473
        -1.53321       -0.307717        0.910597
         1.05851       -0.856356        -1.94354
       -0.899204        0.098788        0.054292
       -0.991745        0.660372        0.429035
       -0.133379         1.22165        0.397728
        0.117942       -0.192485      0.00394849
     -0.00914598       -0.917576       -0.494052
         1.01684       -0.436438         1.38984
        0.697764       -0.129264       0.0715012
       -0.189209        0.595409      -0.0260675
       -0.122141        -0.71491        0.437777
        0.570739       -0.558884       -0.112334
        0.580927      -0.0167682        -1.16984
       0.0609989        0.729543        -2.24913
        -1.08075        0.397346         1.79812
       -0.238445        0.620618         1.23475
      -0.0279482        -1.22609         0.36551
       -0.207217       -0.426564        0.743227
       -0.748909        -0.13403       -0.290585
       0.0243601       -0.764224       -0.570721
        0.218316        -0.47619        0.826628
      0.00244453       0.0545784         1.56142
        0.284325       -0.661296       -0.399376
         1.91916        0.388084         1.26857
        -1.11181       -0.375704        0.907314
       -0.584747       -0.961493        -1.47475
         1.44944       -0.788673        -1.05476
        -1.04575        0.946428       -0.460226
        0.882159        0.642418        0.629751
       0.0483854         1.40403        0.546542
       -0.061115      -0.0583281       0.0725565
         1.85107        -2.20256        -1.35835
       0.0720735       -0.813572        -0.33403
       -0.572017      -0.0621328         1.00226
       -0.283622       0.0803536         -1.4688
        -1.54327         0.79807        -1.63221
        -1.75854        0.720533       -0.130612
        -1.10866       -0.179518        0.868166
          1.0507        0.384132        0.536611
        0.498482        -0.54715        0.299517
        0.334396       -0.997991         1.02054
        -1.47957       0.0192813       -0.677279
           1.017       -0.979905       0.0559402
        0.419392        0.197149        -0.59436
       -0.981603        -1.41235     -0.00821545
      -0.0250681        -1.15529       -0.127226
        -1.31721         1.31686       0.0468624
         0.39451       -0.321395        0.638044
         0.84365        0.229933        0.230698
       -0.571409       -0.225555        0.454051
       -0.453208       -0.430357         1.35842
       -0.219881       -0.266592         -1.4743
        -1.62185         1.24556         0.48504
        0.262795        0.707875        -0.72081
         -1.6099        0.852217        0.778032
        0.236976        -1.08415        0.270923
        0.075024         1.02247       -0.933254
         1.26476         1.69869        0.913739
        -0.42497        -1.01245       -0.947065
        0.221047         1.76651       -0.308951
         1.24051       -0.227069       -0.784755
         0.15868        0.552619          -1.677
          0.3153       -0.756518        -1.81118
         1.81671        -1.03663       -0.208829
        -1.27539       0.0412581        -1.34147
        0.130138        -1.09922       -0.255932
        -0.11948        0.717006        0.778178
        0.531653       -0.739838         1.07848
         0.59902         0.29656        0.462078
        -2.03704         0.54008       -0.184927
        0.468813        0.565243        0.371373
       -0.111945       -0.130092         1.79818
         1.06781       -0.764955        0.266948
       -0.622754        0.650853         1.27978
       -0.202542        -1.16049         -1.6188
       -0.669143         1.81496       -0.989872
          1.6368        -1.37321       -0.785809
       -0.631552         1.13884         0.14992
        -1.34813         0.16608       -0.251569
       -0.603229       -0.940115       0.0673722
         1.58755        0.363305         1.50828
       0.0834399         1.36303        0.588846
        0.297703        0.179344       -0.359293
       -0.644843        0.334711       -0.133848
        -1.51225       -0.440677       -0.967925
        0.467922        0.855399        0.828004
        -1.24748         0.23575       -0.241105
        0.163448        0.317646         1.06548
       0.0481877        -1.15322        0.917739
        0.863501        0.889685        0.726976
         1.22226        -0.05083       -0.427558
        -1.38174       -0.634676       -0.466826
        0.563112        0.197835      0.00344903
        0.145256       -0.223467         1.76873
        0.105482         1.21557        -1.33407
       -0.403489        -1.47362       -0.025631
         2.80933        0.399557       -0.104012
       -0.584178       0.0325279        0.257643
