        -1.19403        -1.21701        -1.61883
       0.0433835       -0.376747          1.0768
         2.05356         1.53401         0.26707
        0.236049       -0.379394        -1.15826
       -0.637275        0.145171         1.48215
         1.10298         0.21708        -1.65423
        0.215567        0.984646       -0.654215
        0.241608         1.18748       -0.821636
         1.78494        -1.01809         0.76467
       -0.968911       -0.840617        -0.85259
         1.99045       -0.064573       -0.251987
         0.91461        -1.61331         2.29712
        -0.63624      -0.0432319        -2.67875
       0.0153377        0.257661        0.662424
         1.03233       -0.833066        0.125263
        0.513927        0.825465         1.06081
        0.573646      -0.0351524       -0.948085
       -0.978158        0.272545       -0.712759
       -0.469868       -0.487736        0.615184
        0.458195        0.750364       0.0297386
        -0.88038        -1.40107       -0.310462
        -1.18882        0.208186        -1.17011
       -0.153784       -0.779087        0.400332
        -1.41516        -1.68375         2.42871
       -0.330652        0.119384        -1.48721
       -0.868014       -0.926619        -1.88154
       -0.604029        0.205599       -0.544222
         1.95555       -0.767695         2.65549
        -0.16254       -0.372382       -0.843254
        -1.71771        0.801496        -1.13926
         1.20745        0.645156        0.835898
      -0.0382672       -0.795438       -0.765395
       -0.655147       -0.945256         0.68755
       -0.505565       -0.234881           -2.69
       -0.392017        0.517045       -0.297805
        -1.62627        0.175654       0.0493049
        0.574677       -0.350402         2.06902
        0.140091       -0.405626       -0.869892
        0.654989        0.606252       -0.520993
       -0.109415        0.879902          1.0304
        -1.12131       -0.154788        0.156162
        -2.25897       -0.789872        0.164064
       -0.293293       -0.111312        0.143061
        0.709271        0.622798         1.28714
        0.648037       -0.730956        0.966657
       -0.747092       -0.118904        -0.90051
        0.361491        0.608895       -0.835442
        -0.73932        -1.62359         1.60905
        -2.02049         1.22239        -1.12072
        0.604976       -0.469248        -2.51018
       -0.292367       -0.431797        0.191282
       -0.607219        0.740714        0.283819
        0.524092       -0.118933        0.881272
        0.439204        0.287387         1.00664
       -0.338181          2.4019         2.19711
        0.713187        0.671486       -0.651216
        0.668286       -0.675659        -2.98708
        0.250399         1.45042        0.244555
       -0.363372         -1.1998        0.613448
       -0.170767       -0.156682        0.568188
        0.382466          -2.378       -0.382409
        0.942441         1.12265        0.584444
        -0.74555       -0.905128        0.611353
        -2.70317       0.0596051       -0.169704
        0.844245        0.440152        -0.31723
       -0.396707        -0.45573         1.17896
      -0.0563037      -0.0358498        0.890364
        -1.17862        0.951126        -1.39875
         0.62713        0.465635         2.15192
       -0.593631         1.35517         0.86632
        0.324058        -1.06747       -0.327117
         -1.3701       -0.080584       0.0542847
         1.37535       -0.715252        0.292022
      -0.0963565       0.0407333        -1.60799
         0.43581       0.0598437       -0.155155
        0.217235       -0.400728      -0.0441836
       -0.548768        0.884586       -0.104137
       -0.105949        0.736237       -0.254141
        0.359636         0.07981        0.856621
         1.58274       -0.291446         1.30136
       -0.801448          1.4372        0.586605
       0.0999961        -1.17291        0.194805
        -2.26047        0.519684       -0.518387
        0.708765        0.872968        0.854879
        0.575909       -0.352364       -0.548537
        -1.86146       -0.244903        -1.36249
        0.369353       -0.959669        0.232466
         1.60122        0.857076       -0.778114
        -1.63845        -0.49314         1.02809
        0.660156         -1.4264        -1.57383
       -0.401871         1.35887        0.589935
       -0.802386         -1.5349         0.22182
       0.0449802        0.986191       -0.110836
       -0.162156       0.0130834       -0.572223
         1.07039        -2.63123       0.0546972
          2.3158         1.88341         1.35388
        0.768665         1.19865        -1.33531
       -0.484286         1.14105        0.554048
        0.844508        0.348135       -0.590788
         1.09429        0.231196         2.63809
        0.197833        0.441587       -0.209553
         1.81662        0.976944        -1.27316
         1.98958       -0.813708        -1.15329
       -0.332564       -0.141512         1.66477
       -0.141617        0.612409       -0.752526
        0.285108         1.25801         1.96294
       0.0443544         1.09717       -0.084634
        -1.04044         -1.5147          -1.074
