       -0.977845       -0.943882         1.03418
        0.325302        0.631282         -0.1515
       -0.290952       -0.152971        0.983956
        -1.57369         1.21159        0.236199
        0.284337         0.72596        0.226685
       -0.576515       -0.364398        0.757828
        0.502578        0.764154        -1.36162
        0.377265        -1.41054         0.70005
       -0.313581         1.22365         1.53163
       -0.670038         1.62636        -1.15891
        0.983166       0.0629766       -0.919224
        0.116343        0.147213         2.84205
       -0.357257       -0.411155        0.443967
        -1.43458         1.19355        -1.83227
       -0.918744          2.0961       0.0731865
         1.10156       -0.600959       -0.828002
        0.757593       -0.815742        -2.33496
       -0.270586       -0.987928        0.824998
        -1.32532       0.0215452         1.42886
       -0.647529        -1.13829       -0.942662
         1.45424        -0.61537        -1.69622
        -1.67295       -0.323642       -0.824971
        -0.35963       -0.409933        0.742262
       -0.377816        0.472108        -1.85951
         0.88659         0.32526       -0.183893
       -0.364104        0.173344       -0.514637
       -0.959513        0.297642        0.581206
        0.150247         1.31976        0.978446
         1.07081       -0.343896         -2.5828
         0.31089        0.486795        0.882891
        0.836318        0.274841        -1.23435
       -0.925765       -0.945481       -0.638368
        -1.17914       -0.119515      -0.0370751
        -1.61665         1.67058       -0.809486
         1.87682         1.17663        0.883727
        0.423136       -0.712055        0.117266
        -1.07123       -0.511882         1.26971
        0.920097      -0.0272314       -0.796904
       -0.828929       -0.198559       -0.199055
         1.63486        0.196025        0.569085
      -0.0194341          1.1847       -0.564967
       -0.643592         1.47042      -0.0971104
        0.656385        0.914085         0.31866
       0.0925324       -0.570781         0.02059
       -0.741724         1.04958        0.131244
        0.194811         1.16181        0.349166
          1.7833       -0.463696       -0.476563
         1.80102        0.359404        0.519358
         1.50809        0.725008         1.25702
       -0.513712        -1.71731        0.895743
        0.307117         3.06946        0.638942
        0.200798        0.475688        0.268862
      -0.0273134       -0.407528        0.450845
        -0.74458         1.10394        -1.12045
        -1.11538        0.450318       -0.251058
       -0.477721        0.869572       -0.299593
        0.273953         1.76686        0.342925
        0.706242         1.40093       -0.372923
         -1.6977        -0.46891        0.303936
        -1.66412       -0.768694        0.340748
       -0.109379        -1.21082       0.0514047
       -0.630778       -0.531487        -2.24008
         1.90363        -1.08117        -1.31808
        0.314206        -1.28203         1.45478
         1.68656       -0.392448       -0.877362
        -0.48631        -1.13403         1.59128
        -2.21302        0.455479         1.04965
       -0.310511       -0.874752        -1.11755
         1.47515        -0.19589       -0.314756
         1.52847        0.886695        -2.48314
         1.59203      -0.0470762         1.67925
       0.0922343       -0.827726       -0.749191
       0.0401003         1.11424        -1.79267
        -1.60118        -1.31619         1.43573
       -0.577607        0.600804        -2.20732
        -1.45865       -0.165015       -0.322467
         1.36714        -1.25834         1.25526
       -0.120282         -0.7138       -0.301279
        0.426526        0.858638        0.152885
         1.30427       0.0834879         1.88904
        -1.56985       -0.571999       -0.157732
         1.25892       -0.267858         2.04241
         0.62823        -1.14888        -1.00983
       0.0402275        -1.41681         1.28083
        0.975116       -0.940258         1.70846
       -0.292401        0.133365       -0.509646
       -0.180598        -1.34624        -1.92745
       -0.789011        -1.53978          1.5481
       -0.684557       -0.292885        0.194818
       -0.231616        0.760634        0.407797
         2.39418      -0.0704738       -0.540048
        0.622276      -0.0829122         1.08433
        0.371616       -0.440937        -1.07678
        -1.77268        -1.08576        -0.13724
        0.785203          2.3093         0.82721
       0.0710358        -1.55152         1.00316
        0.143687       -0.713738        0.805812
       -0.209504       -0.321013       -0.938726
        -1.49653        0.880631        0.313308
       0.0358312       -0.865897        -1.36754
         1.36346       -0.410369       -0.639268
         2.18851       -0.544412        0.776977
        0.304342       -0.328745        0.191747
        -1.58246           1.284       -0.208365
        0.150311       -0.747709         1.39067
        -1.01936         1.27327        -0.58929
       -0.436412      -0.0784298        0.682616
       -0.469332        -1.51194       -0.848886
