         1.25107       -0.541791       -0.990482
         1.66289        -1.00453        0.879629
        0.702734         1.45978       -0.838362
       -0.506655         1.05165        -1.54871
       -0.212833       -0.101817        -1.19137
        -1.16922        -1.56318        -2.13569
        0.514535       -0.603761        -1.04792
        0.965711       -0.474054        0.336938
         1.63203        -1.02921        0.883582
         1.24714       -0.385221       -0.572805
        0.134386         -1.0204      -0.0215526
         1.70391        0.654211         1.03564
       -0.506397       -0.798125       -0.351593
       -0.346709         3.38898      0.00769151
       -0.155389         1.71514        0.109722
        -2.43719       -0.646423        -1.90524
         -2.6745        0.346041         1.64481
         -2.1159        -1.92961       -0.892873
         0.26085         1.03429        0.513581
        -3.08716      -0.0748996        0.977511
       -0.575918       -0.966969        -1.02444
       -0.147643        0.975388         1.57101
         1.12427        0.380668       -0.933055
       -0.394053        -1.73691         -1.3417
        0.187461        0.977718        0.351389
         1.99762      -0.0831589       -0.810921
         -1.8936        0.466954        -1.36493
       -0.976121        -1.16081         2.71268
       -0.949162        -0.11694         2.17272
         3.06098        -0.93838        0.220419
       -0.387555        0.415236        0.506542
         1.69358         1.09455       -0.219552
         1.18742        -1.07481        0.677782
         1.98579        -2.13812       -0.571699
       -0.218258        0.141696         1.43037
         1.44652        -1.24364        0.724578
       -0.995157        0.436026         1.17183
        -1.50093       -0.890037       0.0542049
        0.636286        -1.64197         0.93925
       -0.594912        0.529692       -0.954477
         1.16834        0.203223        -0.37061
       0.0314782         2.17295       -0.682134
        0.414758        0.262829        -1.03446
         1.09534         1.80332          1.5088
       -0.261882     -0.00669388       -0.146111
       -0.193553         1.39876       -0.858522
        0.457327       -0.484003        -1.03882
        -2.41398       -0.111093         1.02482
       -0.107124          1.2134       0.0730255
        0.394752        -2.43165         1.11705
        0.503178       -0.193836         -1.5551
        0.833268        0.717595         -1.5637
         1.32214        -0.96095         0.38344
       -0.719498        0.354202        0.100943
         1.10044       -0.628372       -0.643021
        -0.73692       -0.191581       -0.345796
       0.0895566         1.23355        0.367423
        0.598914       -0.110176         1.54341
         1.35653       0.0943523       -0.920072
        -3.37335        -2.33455       -0.122931
          0.3722        0.607363      -0.0972959
        -1.79031      -0.0838006       -0.270872
        -0.47144       -0.430148         1.33691
       -0.295743          1.3633       -0.279318
        -1.01659          1.3969        0.541503
         1.82482       -0.497378        -1.16159
       -0.362134        -1.48642       -0.219244
        -1.12617       -0.914557       -0.262339
        0.792447        -0.88925        0.270438
      -0.0926459       0.0661972         1.50642
         2.03152        0.103522         1.00814
       -0.144581        0.182372         1.47659
       -0.808286        0.619845        0.996179
         2.23216        0.918753       -0.756947
        -0.59017        -1.03945       -0.848694
        0.203083       -0.087356        0.438677
         0.15779       0.0829781        -3.17338
        0.674356         1.48269        0.474313
         0.36618       -0.229933      -0.0753595
        -1.57383       -0.231855          1.7563
        -1.62562        0.866998        0.810559
       -0.909021       -0.475026        0.634265
       0.0456445        0.265452       -0.218579
       -0.698276        -1.67413       -0.809746
       -0.903983         1.02871       -0.313327
        0.114013        0.759649        0.441066
         1.24144       -0.623038       -0.643243
       -0.258453        -1.37587         0.46341
        0.510209       -0.664345        0.213697
        -1.81883        0.552675       -0.138685
       -0.192388         1.81496       0.0282382
         1.57157         1.65343        0.647459
         2.13888        -1.27285         0.94916
       -0.673602         2.00234       -0.813811
         1.47355       -0.361326          -1.073
       -0.479094        0.139663         1.11931
        0.709723        0.370674        -1.40309
        -1.25185         1.10705       -0.149058
         1.35302         0.84637      -0.0419682
        -1.71453        -0.14763        0.522207
          0.7793         1.61537        -0.61259
        0.128651        -1.19981        0.860859
        -0.39911      -0.0049373         2.45766
        0.379845        0.462542        -2.96575
         0.21429        0.292739        0.878179
        -1.68114        0.904645       -0.482751
        -1.50942        -1.67986       -0.467634
      -0.0371206        -1.04276        0.404552
