        -1.33599        -1.28959         1.41295
        0.444447        0.862495       -0.206989
       -0.397516       -0.208998         1.34434
        -2.15006         1.65535        0.322709
        0.388478         0.99185        0.309711
        -0.78767       -0.497862         1.03539
        0.686653         1.04403        -1.86032
        0.515443        -1.92717         0.95645
       -0.428433         1.67182         2.09261
       -0.915447         2.22203        -1.58337
         1.34326       0.0860425         -1.2559
        0.158954        0.201131         3.88298
       -0.488106       -0.561744        0.606574
        -1.96001          1.6307        -2.50335
        -1.25524         2.86382       0.0999918
         1.50501       -0.821067        -1.13127
         1.03507        -1.11452        -3.19016
       -0.369691        -1.34977         1.12716
        -1.81073       0.0294363          1.9522
       -0.884693        -1.55519        -1.28792
         1.98686       -0.840755        -2.31747
        -2.28568       -0.442179        -1.12712
       -0.491348       -0.560075         1.01412
       -0.516195        0.645022        -2.54058
         1.21131         0.44439       -0.251245
       -0.497461        0.236833       -0.703128
        -1.31094        0.406656        0.794079
        0.205276         1.80314         1.33681
         1.46301       -0.469851        -3.52878
        0.424757        0.665088         1.20626
         1.14263        0.375504        -1.68644
        -1.26484        -1.29177       -0.872176
        -1.61101       -0.163288      -0.0506543
        -2.20876         2.28245        -1.10597
         2.56423         1.60758          1.2074
        0.578114       -0.972853        0.160215
        -1.46357       -0.699364         1.73475
         1.25709      -0.0372051        -1.08878
        -1.13253       -0.271284        -0.27196
         2.23365        0.267822        0.777518
       -0.026552         1.61861       -0.771892
       -0.879314         2.00898       -0.132678
        0.896793         1.24888        0.435373
        0.126423       -0.779836       0.0281313
        -1.01339           1.434        0.179314
        0.266162         1.58733        0.477052
         2.43646        -0.63353       -0.651109
         2.46066         0.49104        0.709578
         2.06044        0.990549         1.71742
       -0.701865        -2.34629         1.22382
        0.419602         4.19368         0.87296
        0.274342        0.649913        0.367335
      -0.0373172       -0.556789        0.615972
        -1.01729         1.50827        -1.53083
        -1.52389        0.615252       -0.343011
       -0.652692         1.18806       -0.409322
        0.374291         2.41399        0.468524
         0.96491         1.91403        -0.50951
        -2.31951       -0.640654        0.415256
        -2.27363        -1.05024         0.46555
        -0.14944        -1.65429       0.0702322
       -0.861806        -0.72615        -3.06053
         2.60085        -1.47716        -1.80084
        0.429287        -1.75158         1.98761
         2.30428       -0.536185        -1.19871
       -0.664426        -1.54938          2.1741
        -3.02356        0.622303          1.4341
       -0.424239        -1.19514        -1.52687
         2.01544       -0.267637       -0.430039
         2.08829         1.21146        -3.39262
         2.17513      -0.0643183         2.29429
        0.126016        -1.13089        -1.02359
       0.0547875         1.52235        -2.44925
        -2.18763        -1.79826         1.96158
       -0.789162        0.820855        -3.01577
        -1.99289       -0.225453       -0.440573
         1.86786        -1.71922         1.71502
       -0.164336       -0.975236       -0.411626
        0.582746         1.17312        0.208881
         1.78197        0.114066         2.58092
        -2.14482       -0.781499       -0.215503
         1.72001       -0.365964         2.79046
        0.858326        -1.56966        -1.37969
       0.0549613        -1.93572         1.74995
         1.33226        -1.28464         2.33421
       -0.399496        0.182211       -0.696309
       -0.246744        -1.83931        -2.63339
        -1.07799        -2.10375         2.11511
       -0.935283       -0.400157        0.266172
       -0.316447         1.03922        0.557156
         3.27107      -0.0962856       -0.737845
         0.85019        -0.11328         1.48148
        0.507724       -0.602434        -1.47116
        -2.42194        -1.48343       -0.187505
         1.07279          3.1551         1.13018
       0.0970534        -2.11978         1.37058
        0.196314       -0.975152         1.10095
       -0.286237       -0.438587        -1.28254
        -2.04465         1.20317         0.42806
       0.0489547        -1.18304        -1.86841
         1.86284       -0.560671       -0.873406
         2.99007       -0.743809         1.06155
         0.41581       -0.449151        0.261976
        -2.16205         1.75427       -0.284681
        0.205364        -1.02157         1.90002
        -1.39271         1.73961       -0.805124
       -0.596252       -0.107155        0.932631
       -0.641229        -2.06571         -1.1598
