        -1.00086       -0.966094         1.05851
        0.332957        0.646137       -0.155065
       -0.297799       -0.156571         1.00711
        -1.61072         1.24011        0.241757
        0.291028        0.743043         0.23202
       -0.590082       -0.372973        0.775662
        0.514405        0.782136        -1.39366
        0.386143        -1.44373        0.716524
        -0.32096         1.25244         1.56768
       -0.685806         1.66464        -1.18618
          1.0063       0.0644587       -0.940856
         0.11908        0.150677         2.90893
       -0.365664        -0.42083        0.454415
        -1.46834         1.22164        -1.87539
       -0.940364         2.14543       0.0749088
         1.12748       -0.615102       -0.847487
        0.775421       -0.834938         -2.3899
       -0.276954        -1.01118        0.844412
        -1.35651       0.0220522         1.46249
       -0.662767        -1.16507       -0.964845
         1.48846       -0.629851        -1.73613
        -1.71232       -0.331258       -0.844385
       -0.368093        -0.41958         0.75973
       -0.386707        0.483217        -1.90327
        0.907454        0.332914        -0.18822
       -0.372673        0.177423       -0.526748
       -0.982093        0.304646        0.594884
        0.153783         1.35082         1.00147
         1.09601       -0.351988        -2.64358
        0.318206         0.49825        0.903667
        0.855999        0.281308         -1.2634
        -0.94755        -0.96773        -0.65339
        -1.20689       -0.122327      -0.0379476
        -1.65469         1.70989       -0.828535
         1.92099         1.20432        0.904524
        0.433093       -0.728812        0.120025
        -1.09643       -0.523928         1.29959
         0.94175      -0.0278722       -0.815658
       -0.848436       -0.203232       -0.203739
         1.67334        0.200638        0.582477
      -0.0198914         1.21258       -0.578262
       -0.658737         1.50503      -0.0993956
        0.671831        0.935596        0.326159
       0.0947099       -0.584213       0.0210745
       -0.759179         1.07428        0.134333
        0.199395         1.18915        0.357383
         1.82527       -0.474608       -0.487777
          1.8434        0.367862         0.53158
         1.54358        0.742069          1.2866
       -0.525801        -1.75772        0.916822
        0.314344         3.14169        0.653978
        0.205523        0.486882        0.275189
      -0.0279561       -0.417118        0.461455
       -0.762102         1.12992        -1.14682
        -1.14162        0.460915       -0.256966
       -0.488963        0.890035       -0.306643
          0.2804         1.80844        0.350995
        0.722861         1.43389       -0.381699
        -1.73766       -0.479945        0.311089
        -1.70328       -0.786783        0.348767
       -0.111953        -1.23931       0.0526144
       -0.645622       -0.543995        -2.29279
         1.94842        -1.10661         -1.3491
          0.3216         -1.3122         1.48901
         1.72625       -0.401683       -0.898009
       -0.497754        -1.16072         1.62872
        -2.26509        0.466198         1.07435
       -0.317818       -0.895337        -1.14385
         1.50986         -0.2005       -0.322163
         1.56444        0.907561        -2.54158
          1.6295       -0.048184         1.71876
       0.0944049       -0.847205       -0.766822
        0.041044         1.14047        -1.83485
        -1.63886        -1.34716         1.46951
         -0.5912        0.614943        -2.25927
        -1.49297       -0.168898       -0.330055
         1.39931        -1.28796          1.2848
       -0.123112       -0.730597       -0.308369
        0.436564        0.878845        0.156483
         1.33496       0.0854526         1.93349
        -1.60679        -0.58546       -0.161444
         1.28854       -0.274161         2.09047
        0.643014        -1.17591        -1.03359
       0.0411742        -1.45015         1.31098
        0.998063       -0.962385         1.74867
       -0.299282        0.136503       -0.521639
       -0.184848        -1.37792         -1.9728
       -0.807579        -1.57602         1.58453
       -0.700666       -0.299777        0.199403
       -0.237066        0.778534        0.417393
         2.45052      -0.0721323       -0.552756
        0.636919      -0.0848633         1.10985
        0.380361       -0.451313        -1.10211
         -1.8144        -1.11131       -0.140469
        0.803681         2.36364        0.846677
       0.0727075        -1.58803         1.02677
        0.147069       -0.730534        0.824775
       -0.214434       -0.328567       -0.960816
        -1.53175        0.901354        0.320681
       0.0366744       -0.886274        -1.39972
         1.39555       -0.420026       -0.654312
         2.24001       -0.557224        0.795261
        0.311504       -0.336481        0.196259
         -1.6197         1.31421       -0.213269
        0.153848       -0.765305          1.4234
        -1.04335         1.30323       -0.603158
       -0.446681      -0.0802754        0.698679
       -0.480376        -1.54752       -0.868862
