        0.785681        -2.75382        -1.20944
       0.0161692        -2.47459        -1.15962
       -0.418353        0.229141        0.468998
        -1.42551        0.462972      -0.0799094
       -0.325312       -0.690424       -0.980058
         1.51375         1.62309       -0.320294
       -0.517248      -0.0273452        -2.24903
         -1.3666        0.629511        -2.49214
     -0.00791332        -0.17978       -0.804049
        -2.37522       -0.932697        0.424572
        0.558968        -1.97221       -0.231107
        0.399545         1.60108        0.991724
         1.40669        0.296629        0.647494
        0.376021       -0.305885       -0.900859
        -1.13146      -0.0871538        -1.57323
        0.866984       -0.771717        0.761781
     -0.00510832       -0.332769       -0.477855
       -0.577995         2.31952        0.308669
       -0.204305        -1.55154      0.00187144
         1.38763         1.57619         1.46772
        0.477198       -0.560905        0.257884
       0.0715912       -0.129333         1.11664
       -0.429719         1.25226        0.440853
        0.821692      -0.0481644        -0.48469
       -0.699085        -1.73946         1.50104
        0.212743         0.16956         1.22409
        -1.50865       -0.389465         2.06664
       0.0431214         1.02712       -0.208903
        0.295916        -1.95586       -0.272373
        -1.24603       -0.161046        0.444807
        -0.20244        -1.91033      -0.0479408
        -1.17287        0.920074         1.62311
       -0.897256       -0.823759       -0.699842
       -0.505476        -1.30017        0.406754
         1.50036       -0.116077        -2.23959
         1.94372       -0.256107      -0.0241123
       -0.175706        0.885203        0.115189
      -0.0475431        0.736678       -0.157756
        -2.38857        -1.35714        0.489241
         1.41435         0.94272        0.182396
      -0.0539632        -1.02982        -1.01996
       -0.514084        -1.91402       -0.314824
       -0.452633       -0.280123       -0.637503
        0.549839        0.774643       -0.448487
        0.542003        0.722849       -0.197729
         0.73239         1.94484         1.16105
        -2.12684        -0.19604         0.16458
      -0.0856434        -1.11099        0.808862
         1.02977       -0.659329       0.0477075
        -0.25179        -1.23074       0.0593843
        0.412838     -0.00856661        -1.02078
       -0.441758        0.531673        0.361971
       -0.222159        -1.52693        0.480198
       0.0274419        0.116899      -0.0831312
        0.867183       0.0304956       -0.428223
        -1.10674         0.90642       -0.553368
       -0.105759      -0.0489445        0.842922
        -0.29976        -1.29561          1.2035
        0.893233        -2.74217        0.605787
        0.524429        0.505263        0.976701
         1.31161       -0.989637        -2.07849
       0.0759975         1.24575        0.565369
        0.871826         2.25025       -0.371805
        0.745967      -0.0392591        -1.44024
       -0.164788        0.164793         1.31391
        -0.42774        0.999419        -1.16904
       -0.787969        -1.80544        -1.10531
        -1.03168         1.59335        0.710146
         1.15978         0.75802      -0.0379637
       -0.581153       0.0484636         1.63734
        -0.43243       -0.702591       -0.224486
         1.36769         1.33112        0.751708
        0.541252        0.132984       -0.503539
        -1.51706        -1.18271         1.25905
         0.98414        0.503263       -0.127875
        0.611466      -0.0936471       -0.454682
       -0.590566       -0.683921       -0.106984
        0.169406        -1.04911         1.47852
        0.676184        0.250913      -0.0235956
        -2.04968       -0.189381       -0.880902
       -0.783403        0.721198        0.550975
        0.984364         1.70524      -0.0254837
       -0.185405        -1.21464        -1.41489
        0.078561         1.29366       -0.502538
        -1.48664      -0.0275299        0.762866
       -0.746468        0.919474        0.690187
        0.354461        -1.25157       -0.780637
         1.23998       -0.285346        0.589648
        0.814052        0.363128       -0.930091
       0.0139276         1.16084        -1.24565
       -0.339069        0.908335       0.0937678
        0.200149        0.152402        0.204368
         1.31592        0.160549        0.224852
       -0.747365       0.0262893        0.365603
       -0.318371         1.64663         3.94704
        -1.58142         1.57122        0.340329
         1.17348         -2.0519       -0.599705
       -0.698356        -0.27581        -2.20957
       -0.460869         1.73675        0.584546
       -0.444669         2.28091         1.08835
        0.567988         1.12443       -0.211161
        0.495651       -0.695784        -1.07265
         1.94567       -0.721359         1.79936
       -0.146511         1.93963        -1.88502
        0.538159         0.32415       -0.647615
        0.513785        0.820816        -1.01461
       -0.356553        0.639854         1.42011
        0.744927       -0.847977        0.349141
